\BOOKMARK [-1][]{part.1}{Part I The system of science}{}% 1
\BOOKMARK [0][]{chapter.1}{1 A brief guide to the system of science}{part.1}% 2
\BOOKMARK [1][]{section.1.1}{1.1 Basic principles}{chapter.1}% 3
\BOOKMARK [1][]{section.1.2}{1.2 Scientific information}{chapter.1}% 4
\BOOKMARK [1][]{section.1.3}{1.3 Why do we write research articles?}{chapter.1}% 5
\BOOKMARK [1][]{section.1.4}{1.4 Research quality}{chapter.1}% 6
\BOOKMARK [1][]{section.1.5}{1.5 Bibliometric services}{chapter.1}% 7
\BOOKMARK [1][]{section.1.6}{1.6 From draft manuscript to peer review}{chapter.1}% 8
\BOOKMARK [1][]{section.1.7}{1.7 Types of articles}{chapter.1}% 9
\BOOKMARK [1][]{section.1.8}{1.8 Types of journals}{chapter.1}% 10
\BOOKMARK [0][]{chapter.2}{2 Scientific publishing: myths, ideals and realities}{part.1}% 11
\BOOKMARK [1][]{section.2.1}{2.1 Problem areas}{chapter.2}% 12
\BOOKMARK [1][]{section.2.2}{2.2 Missing reviewers}{chapter.2}% 13
\BOOKMARK [1][]{section.2.3}{2.3 Fashionable pliability}{chapter.2}% 14
\BOOKMARK [1][]{section.2.4}{2.4 Publishing companies and models}{chapter.2}% 15
\BOOKMARK [1][]{section.2.5}{2.5 Publishing efficiency}{chapter.2}% 16
\BOOKMARK [-1][]{part.2}{Part II Guide for authors}{}% 17
\BOOKMARK [0][]{chapter.3}{3 Producing scientific information}{part.2}% 18
\BOOKMARK [1][]{section.3.1}{3.1 Design and preparation}{chapter.3}% 19
\BOOKMARK [1][]{section.3.2}{3.2 The one-page concept paper}{chapter.3}% 20
\BOOKMARK [1][]{section.3.3}{3.3 Review your results and repeat the experiment}{chapter.3}% 21
\BOOKMARK [1][]{section.3.4}{3.4 Investigate your audience}{chapter.3}% 22
\BOOKMARK [1][]{section.3.5}{3.5 Ten simple rules}{chapter.3}% 23
\BOOKMARK [1][]{section.3.6}{3.6 Coping with stress}{chapter.3}% 24
\BOOKMARK [0][]{chapter.4}{4 Writing research articles}{part.2}% 25
\BOOKMARK [1][]{section.4.1}{4.1 Establishing a framework for research papers: a recipe}{chapter.4}% 26
\BOOKMARK [1][]{section.4.2}{4.2 Basic principles of logical reasoning}{chapter.4}% 27
\BOOKMARK [1][]{section.4.3}{4.3 Figures and tables \(generating and editing graphics\)}{chapter.4}% 28
\BOOKMARK [1][]{section.4.4}{4.4 Citing sources}{chapter.4}% 29
\BOOKMARK [1][]{section.4.5}{4.5 The art of line editing}{chapter.4}% 30
\BOOKMARK [1][]{section.4.6}{4.6 Common language mistakes}{chapter.4}% 31
\BOOKMARK [1][]{section.4.7}{4.7 Can you please be more specific?}{chapter.4}% 32
\BOOKMARK [1][]{section.4.8}{4.8 On styles}{chapter.4}% 33
\BOOKMARK [1][]{section.4.9}{4.9 Collaborative writing}{chapter.4}% 34
\BOOKMARK [1][]{section.4.10}{4.10 Free and Open Source Software}{chapter.4}% 35
\BOOKMARK [1][]{section.4.11}{4.11 The abstract}{chapter.4}% 36
\BOOKMARK [1][]{section.4.12}{4.12 The title}{chapter.4}% 37
\BOOKMARK [1][]{section.4.13}{4.13 Final tips}{chapter.4}% 38
\BOOKMARK [0][]{chapter.5}{5 Submitting your article}{part.2}% 39
\BOOKMARK [1][]{section.5.1}{5.1 Find the right journal}{chapter.5}% 40
\BOOKMARK [1][]{section.5.2}{5.2 Do the work of the reviewers yourself}{chapter.5}% 41
\BOOKMARK [1][]{section.5.3}{5.3 Make a full information package}{chapter.5}% 42
\BOOKMARK [1][]{section.5.4}{5.4 Pre-submission checklists}{chapter.5}% 43
\BOOKMARK [1][]{section.5.5}{5.5 The review process and response to reviews}{chapter.5}% 44
\BOOKMARK [1][]{section.5.6}{5.6 PhD study: a leap in the dark}{chapter.5}% 45
\BOOKMARK [0][]{chapter*.7}{Appendix}{part.2}% 46
\BOOKMARK [0][]{chapter*.14}{References}{part.2}% 47
\BOOKMARK [1][]{section*.15}{Cited sources:}{chapter*.14}% 48
\BOOKMARK [0][]{chapter*.16}{Index}{part.2}% 49
